<?xml version="1.0" encoding="UTF-8"?>
<!-- Generated by org.testng.reporters.JUnitReportReporter -->
<testsuite skipped="0" hostname="DESKTOP-TBTFELJ" name="com.testexecution.Textrunner" tests="1" failures="0" timestamp="10 Jun 2019 08:08:52 GMT" time="32.024" errors="0">
  <testcase name="baseexecution" time="32.024" classname="com.testexecution.Textrunner"/>
</testsuite> <!-- com.testexecution.Textrunner -->
