<?xml version="1.0" encoding="UTF-8"?>
<!-- Generated by org.testng.reporters.JUnitReportReporter -->
<testsuite skipped="0" hostname="DESKTOP-TBTFELJ" name="com.testexecution.Textrunner" tests="1" failures="0" timestamp="07 Jun 2019 10:45:45 GMT" time="24.977" errors="0">
  <testcase name="baseexecution" time="24.977" classname="com.testexecution.Textrunner"/>
</testsuite> <!-- com.testexecution.Textrunner -->
